c:\users\dpereme\source\repos\genshin bricks\genshin bricks\x64\debug\vc143.pdb
c:\users\dpereme\source\repos\genshin bricks\genshin bricks\x64\debug\vc143.idb
c:\users\dpereme\source\repos\genshin bricks\genshin bricks\x64\debug\genshin bricks.obj
c:\users\dpereme\source\repos\genshin bricks\x64\debug\genshin bricks.exe
c:\users\dpereme\source\repos\genshin bricks\x64\debug\genshin bricks.pdb
c:\users\dpereme\source\repos\genshin bricks\genshin bricks\x64\debug\genshin bricks.ilk
c:\users\ttaaddi\documents\github\genshin-bricks\genshin bricks\genshin bricks\x64\debug\genshin bricks.obj
c:\users\ttaaddi\documents\github\genshin-bricks\genshin bricks\genshin bricks\x64\debug\genshin bricks.ilk
c:\users\ttaaddi\documents\github\genshin-bricks\genshin bricks\genshin bricks\x64\debug\vc143.idb
c:\users\ttaaddi\documents\github\genshin-bricks\genshin bricks\genshin bricks\x64\debug\vc143.pdb
c:\users\ttaaddi\documents\github\genshin-bricks\genshin bricks\x64\debug\genshin bricks.pdb
c:\users\ttaaddi\documents\github\genshin-bricks\genshin bricks\x64\debug\genshin bricks.exe
c:\users\ttaaddi\documents\github\genshin-bricks\genshin bricks\genshin bricks\x64\debug\genshin bricks.tlog\cl.command.1.tlog
c:\users\ttaaddi\documents\github\genshin-bricks\genshin bricks\genshin bricks\x64\debug\genshin bricks.tlog\cl.items.tlog
c:\users\ttaaddi\documents\github\genshin-bricks\genshin bricks\genshin bricks\x64\debug\genshin bricks.tlog\cl.read.1.tlog
c:\users\ttaaddi\documents\github\genshin-bricks\genshin bricks\genshin bricks\x64\debug\genshin bricks.tlog\cl.write.1.tlog
c:\users\ttaaddi\documents\github\genshin-bricks\genshin bricks\genshin bricks\x64\debug\genshin bricks.tlog\link.command.1.tlog
c:\users\ttaaddi\documents\github\genshin-bricks\genshin bricks\genshin bricks\x64\debug\genshin bricks.tlog\link.read.1.tlog
c:\users\ttaaddi\documents\github\genshin-bricks\genshin bricks\genshin bricks\x64\debug\genshin bricks.tlog\link.secondary.1.tlog
c:\users\ttaaddi\documents\github\genshin-bricks\genshin bricks\genshin bricks\x64\debug\genshin bricks.tlog\link.write.1.tlog
